[2016-04-04 10:56:23] production.ERROR: exception 'ErrorException' with message 'Use of undefined constant MCRYPT_RIJNDAEL_128 - assumed 'MCRYPT_RIJNDAEL_128'' in /var/www/kaide-backend/vendor/laravel/framework/src/Illuminate/Encryption/EncryptionServiceProvider.php:16
Stack trace:
#0 /var/www/kaide-backend/vendor/laravel/framework/src/Illuminate/Encryption/EncryptionServiceProvider.php(16): Illuminate\Foundation\Bootstrap\HandleExceptions->handleError(8, 'Use of undefine...', '/var/www/kaide-...', 16, Array)
#1 /var/www/kaide-backend/vendor/laravel/framework/src/Illuminate/Container/Container.php(776): Illuminate\Encryption\EncryptionServiceProvider->Illuminate\Encryption\{closure}(Object(October\Rain\Foundation\Application), Array)
#2 /var/www/kaide-backend/vendor/laravel/framework/src/Illuminate/Container/Container.php(659): Illuminate\Container\Container->build(Object(Closure), Array)
#3 /var/www/kaide-backend/vendor/laravel/framework/src/Illuminate/Foundation/Application.php(644): Illuminate\Container\Container->make('encrypter', Array)
#4 /var/www/kaide-backend/vendor/laravel/framework/src/Illuminate/Container/Container.php(890): Illuminate\Foundation\Application->make('Illuminate\Cont...')
#5 /var/www/kaide-backend/vendor/laravel/framework/src/Illuminate/Container/Container.php(851): Illuminate\Container\Container->resolveClass(Object(ReflectionParameter))
#6 /var/www/kaide-backend/vendor/laravel/framework/src/Illuminate/Container/Container.php(816): Illuminate\Container\Container->getDependencies(Array, Array)
#7 /var/www/kaide-backend/vendor/laravel/framework/src/Illuminate/Container/Container.php(659): Illuminate\Container\Container->build('Illuminate\Cook...', Array)
#8 /var/www/kaide-backend/vendor/laravel/framework/src/Illuminate/Foundation/Application.php(644): Illuminate\Container\Container->make('Illuminate\Cook...', Array)
#9 /var/www/kaide-backend/vendor/laravel/framework/src/Illuminate/Pipeline/Pipeline.php(124): Illuminate\Foundation\Application->make('Illuminate\Cook...')
#10 /var/www/kaide-backend/vendor/laravel/framework/src/Illuminate/Foundation/Http/Middleware/CheckForMaintenanceMode.php(42): Illuminate\Pipeline\Pipeline->Illuminate\Pipeline\{closure}(Object(Illuminate\Http\Request))
#11 /var/www/kaide-backend/vendor/laravel/framework/src/Illuminate/Pipeline/Pipeline.php(125): Illuminate\Foundation\Http\Middleware\CheckForMaintenanceMode->handle(Object(Illuminate\Http\Request), Object(Closure))
#12 [internal function]: Illuminate\Pipeline\Pipeline->Illuminate\Pipeline\{closure}(Object(Illuminate\Http\Request))
#13 /var/www/kaide-backend/vendor/laravel/framework/src/Illuminate/Pipeline/Pipeline.php(101): call_user_func(Object(Closure), Object(Illuminate\Http\Request))
#14 /var/www/kaide-backend/vendor/laravel/framework/src/Illuminate/Foundation/Http/Kernel.php(115): Illuminate\Pipeline\Pipeline->then(Object(Closure))
#15 /var/www/kaide-backend/vendor/laravel/framework/src/Illuminate/Foundation/Http/Kernel.php(84): Illuminate\Foundation\Http\Kernel->sendRequestThroughRouter(Object(Illuminate\Http\Request))
#16 /var/www/kaide-backend/index.php(44): Illuminate\Foundation\Http\Kernel->handle(Object(Illuminate\Http\Request))
#17 {main}  
[2016-04-04 10:56:23] production.ERROR: exception 'Symfony\Component\Debug\Exception\FatalErrorException' with message 'Call to undefined function Illuminate\Encryption\mcrypt_get_iv_size()' in /var/www/kaide-backend/vendor/laravel/framework/src/Illuminate/Encryption/Encrypter.php:303
Stack trace:
#0 {main}  
[2016-04-04 11:04:19] production.ERROR: exception 'ErrorException' with message 'Use of undefined constant MCRYPT_RIJNDAEL_128 - assumed 'MCRYPT_RIJNDAEL_128'' in /var/www/kaide-backend/vendor/laravel/framework/src/Illuminate/Encryption/EncryptionServiceProvider.php:16
Stack trace:
#0 /var/www/kaide-backend/vendor/laravel/framework/src/Illuminate/Encryption/EncryptionServiceProvider.php(16): Illuminate\Foundation\Bootstrap\HandleExceptions->handleError(8, 'Use of undefine...', '/var/www/kaide-...', 16, Array)
#1 /var/www/kaide-backend/vendor/laravel/framework/src/Illuminate/Container/Container.php(776): Illuminate\Encryption\EncryptionServiceProvider->Illuminate\Encryption\{closure}(Object(October\Rain\Foundation\Application), Array)
#2 /var/www/kaide-backend/vendor/laravel/framework/src/Illuminate/Container/Container.php(659): Illuminate\Container\Container->build(Object(Closure), Array)
#3 /var/www/kaide-backend/vendor/laravel/framework/src/Illuminate/Foundation/Application.php(644): Illuminate\Container\Container->make('encrypter', Array)
#4 /var/www/kaide-backend/vendor/laravel/framework/src/Illuminate/Container/Container.php(890): Illuminate\Foundation\Application->make('Illuminate\Cont...')
#5 /var/www/kaide-backend/vendor/laravel/framework/src/Illuminate/Container/Container.php(851): Illuminate\Container\Container->resolveClass(Object(ReflectionParameter))
#6 /var/www/kaide-backend/vendor/laravel/framework/src/Illuminate/Container/Container.php(816): Illuminate\Container\Container->getDependencies(Array, Array)
#7 /var/www/kaide-backend/vendor/laravel/framework/src/Illuminate/Container/Container.php(659): Illuminate\Container\Container->build('Illuminate\Cook...', Array)
#8 /var/www/kaide-backend/vendor/laravel/framework/src/Illuminate/Foundation/Application.php(644): Illuminate\Container\Container->make('Illuminate\Cook...', Array)
#9 /var/www/kaide-backend/vendor/laravel/framework/src/Illuminate/Pipeline/Pipeline.php(124): Illuminate\Foundation\Application->make('Illuminate\Cook...')
#10 /var/www/kaide-backend/vendor/laravel/framework/src/Illuminate/Foundation/Http/Middleware/CheckForMaintenanceMode.php(42): Illuminate\Pipeline\Pipeline->Illuminate\Pipeline\{closure}(Object(Illuminate\Http\Request))
#11 /var/www/kaide-backend/vendor/laravel/framework/src/Illuminate/Pipeline/Pipeline.php(125): Illuminate\Foundation\Http\Middleware\CheckForMaintenanceMode->handle(Object(Illuminate\Http\Request), Object(Closure))
#12 [internal function]: Illuminate\Pipeline\Pipeline->Illuminate\Pipeline\{closure}(Object(Illuminate\Http\Request))
#13 /var/www/kaide-backend/vendor/laravel/framework/src/Illuminate/Pipeline/Pipeline.php(101): call_user_func(Object(Closure), Object(Illuminate\Http\Request))
#14 /var/www/kaide-backend/vendor/laravel/framework/src/Illuminate/Foundation/Http/Kernel.php(115): Illuminate\Pipeline\Pipeline->then(Object(Closure))
#15 /var/www/kaide-backend/vendor/laravel/framework/src/Illuminate/Foundation/Http/Kernel.php(84): Illuminate\Foundation\Http\Kernel->sendRequestThroughRouter(Object(Illuminate\Http\Request))
#16 /var/www/kaide-backend/index.php(44): Illuminate\Foundation\Http\Kernel->handle(Object(Illuminate\Http\Request))
#17 {main}  
[2016-04-04 11:04:19] production.ERROR: exception 'Symfony\Component\Debug\Exception\FatalErrorException' with message 'Call to undefined function Illuminate\Encryption\mcrypt_get_iv_size()' in /var/www/kaide-backend/vendor/laravel/framework/src/Illuminate/Encryption/Encrypter.php:303
Stack trace:
#0 {main}  
[2016-04-04 11:04:25] production.ERROR: exception 'ErrorException' with message 'Use of undefined constant MCRYPT_RIJNDAEL_128 - assumed 'MCRYPT_RIJNDAEL_128'' in /var/www/kaide-backend/vendor/laravel/framework/src/Illuminate/Encryption/EncryptionServiceProvider.php:16
Stack trace:
#0 /var/www/kaide-backend/vendor/laravel/framework/src/Illuminate/Encryption/EncryptionServiceProvider.php(16): Illuminate\Foundation\Bootstrap\HandleExceptions->handleError(8, 'Use of undefine...', '/var/www/kaide-...', 16, Array)
#1 /var/www/kaide-backend/vendor/laravel/framework/src/Illuminate/Container/Container.php(776): Illuminate\Encryption\EncryptionServiceProvider->Illuminate\Encryption\{closure}(Object(October\Rain\Foundation\Application), Array)
#2 /var/www/kaide-backend/vendor/laravel/framework/src/Illuminate/Container/Container.php(659): Illuminate\Container\Container->build(Object(Closure), Array)
#3 /var/www/kaide-backend/vendor/laravel/framework/src/Illuminate/Foundation/Application.php(644): Illuminate\Container\Container->make('encrypter', Array)
#4 /var/www/kaide-backend/vendor/laravel/framework/src/Illuminate/Container/Container.php(890): Illuminate\Foundation\Application->make('Illuminate\Cont...')
#5 /var/www/kaide-backend/vendor/laravel/framework/src/Illuminate/Container/Container.php(851): Illuminate\Container\Container->resolveClass(Object(ReflectionParameter))
#6 /var/www/kaide-backend/vendor/laravel/framework/src/Illuminate/Container/Container.php(816): Illuminate\Container\Container->getDependencies(Array, Array)
#7 /var/www/kaide-backend/vendor/laravel/framework/src/Illuminate/Container/Container.php(659): Illuminate\Container\Container->build('Illuminate\Cook...', Array)
#8 /var/www/kaide-backend/vendor/laravel/framework/src/Illuminate/Foundation/Application.php(644): Illuminate\Container\Container->make('Illuminate\Cook...', Array)
#9 /var/www/kaide-backend/vendor/laravel/framework/src/Illuminate/Pipeline/Pipeline.php(124): Illuminate\Foundation\Application->make('Illuminate\Cook...')
#10 /var/www/kaide-backend/vendor/laravel/framework/src/Illuminate/Foundation/Http/Middleware/CheckForMaintenanceMode.php(42): Illuminate\Pipeline\Pipeline->Illuminate\Pipeline\{closure}(Object(Illuminate\Http\Request))
#11 /var/www/kaide-backend/vendor/laravel/framework/src/Illuminate/Pipeline/Pipeline.php(125): Illuminate\Foundation\Http\Middleware\CheckForMaintenanceMode->handle(Object(Illuminate\Http\Request), Object(Closure))
#12 [internal function]: Illuminate\Pipeline\Pipeline->Illuminate\Pipeline\{closure}(Object(Illuminate\Http\Request))
#13 /var/www/kaide-backend/vendor/laravel/framework/src/Illuminate/Pipeline/Pipeline.php(101): call_user_func(Object(Closure), Object(Illuminate\Http\Request))
#14 /var/www/kaide-backend/vendor/laravel/framework/src/Illuminate/Foundation/Http/Kernel.php(115): Illuminate\Pipeline\Pipeline->then(Object(Closure))
#15 /var/www/kaide-backend/vendor/laravel/framework/src/Illuminate/Foundation/Http/Kernel.php(84): Illuminate\Foundation\Http\Kernel->sendRequestThroughRouter(Object(Illuminate\Http\Request))
#16 /var/www/kaide-backend/index.php(44): Illuminate\Foundation\Http\Kernel->handle(Object(Illuminate\Http\Request))
#17 {main}  
[2016-04-04 11:04:25] production.ERROR: exception 'Symfony\Component\Debug\Exception\FatalErrorException' with message 'Call to undefined function Illuminate\Encryption\mcrypt_get_iv_size()' in /var/www/kaide-backend/vendor/laravel/framework/src/Illuminate/Encryption/Encrypter.php:303
Stack trace:
#0 {main}  
[2016-04-04 11:04:53] production.ERROR: exception 'ErrorException' with message 'Use of undefined constant MCRYPT_RIJNDAEL_128 - assumed 'MCRYPT_RIJNDAEL_128'' in /var/www/kaide-backend/vendor/laravel/framework/src/Illuminate/Encryption/EncryptionServiceProvider.php:16
Stack trace:
#0 /var/www/kaide-backend/vendor/laravel/framework/src/Illuminate/Encryption/EncryptionServiceProvider.php(16): Illuminate\Foundation\Bootstrap\HandleExceptions->handleError(8, 'Use of undefine...', '/var/www/kaide-...', 16, Array)
#1 /var/www/kaide-backend/vendor/laravel/framework/src/Illuminate/Container/Container.php(776): Illuminate\Encryption\EncryptionServiceProvider->Illuminate\Encryption\{closure}(Object(October\Rain\Foundation\Application), Array)
#2 /var/www/kaide-backend/vendor/laravel/framework/src/Illuminate/Container/Container.php(659): Illuminate\Container\Container->build(Object(Closure), Array)
#3 /var/www/kaide-backend/vendor/laravel/framework/src/Illuminate/Foundation/Application.php(644): Illuminate\Container\Container->make('encrypter', Array)
#4 /var/www/kaide-backend/vendor/laravel/framework/src/Illuminate/Container/Container.php(890): Illuminate\Foundation\Application->make('Illuminate\Cont...')
#5 /var/www/kaide-backend/vendor/laravel/framework/src/Illuminate/Container/Container.php(851): Illuminate\Container\Container->resolveClass(Object(ReflectionParameter))
#6 /var/www/kaide-backend/vendor/laravel/framework/src/Illuminate/Container/Container.php(816): Illuminate\Container\Container->getDependencies(Array, Array)
#7 /var/www/kaide-backend/vendor/laravel/framework/src/Illuminate/Container/Container.php(659): Illuminate\Container\Container->build('Illuminate\Cook...', Array)
#8 /var/www/kaide-backend/vendor/laravel/framework/src/Illuminate/Foundation/Application.php(644): Illuminate\Container\Container->make('Illuminate\Cook...', Array)
#9 /var/www/kaide-backend/vendor/laravel/framework/src/Illuminate/Pipeline/Pipeline.php(124): Illuminate\Foundation\Application->make('Illuminate\Cook...')
#10 /var/www/kaide-backend/vendor/laravel/framework/src/Illuminate/Foundation/Http/Middleware/CheckForMaintenanceMode.php(42): Illuminate\Pipeline\Pipeline->Illuminate\Pipeline\{closure}(Object(Illuminate\Http\Request))
#11 /var/www/kaide-backend/vendor/laravel/framework/src/Illuminate/Pipeline/Pipeline.php(125): Illuminate\Foundation\Http\Middleware\CheckForMaintenanceMode->handle(Object(Illuminate\Http\Request), Object(Closure))
#12 [internal function]: Illuminate\Pipeline\Pipeline->Illuminate\Pipeline\{closure}(Object(Illuminate\Http\Request))
#13 /var/www/kaide-backend/vendor/laravel/framework/src/Illuminate/Pipeline/Pipeline.php(101): call_user_func(Object(Closure), Object(Illuminate\Http\Request))
#14 /var/www/kaide-backend/vendor/laravel/framework/src/Illuminate/Foundation/Http/Kernel.php(115): Illuminate\Pipeline\Pipeline->then(Object(Closure))
#15 /var/www/kaide-backend/vendor/laravel/framework/src/Illuminate/Foundation/Http/Kernel.php(84): Illuminate\Foundation\Http\Kernel->sendRequestThroughRouter(Object(Illuminate\Http\Request))
#16 /var/www/kaide-backend/index.php(44): Illuminate\Foundation\Http\Kernel->handle(Object(Illuminate\Http\Request))
#17 {main}  
[2016-04-04 11:04:53] production.ERROR: exception 'Symfony\Component\Debug\Exception\FatalErrorException' with message 'Call to undefined function Illuminate\Encryption\mcrypt_get_iv_size()' in /var/www/kaide-backend/vendor/laravel/framework/src/Illuminate/Encryption/Encrypter.php:303
Stack trace:
#0 {main}  
[2016-04-04 11:05:43] production.ERROR: exception 'ErrorException' with message 'Use of undefined constant MCRYPT_RIJNDAEL_128 - assumed 'MCRYPT_RIJNDAEL_128'' in /var/www/kaide-backend/vendor/laravel/framework/src/Illuminate/Encryption/EncryptionServiceProvider.php:16
Stack trace:
#0 /var/www/kaide-backend/vendor/laravel/framework/src/Illuminate/Encryption/EncryptionServiceProvider.php(16): Illuminate\Foundation\Bootstrap\HandleExceptions->handleError(8, 'Use of undefine...', '/var/www/kaide-...', 16, Array)
#1 /var/www/kaide-backend/vendor/laravel/framework/src/Illuminate/Container/Container.php(776): Illuminate\Encryption\EncryptionServiceProvider->Illuminate\Encryption\{closure}(Object(October\Rain\Foundation\Application), Array)
#2 /var/www/kaide-backend/vendor/laravel/framework/src/Illuminate/Container/Container.php(659): Illuminate\Container\Container->build(Object(Closure), Array)
#3 /var/www/kaide-backend/vendor/laravel/framework/src/Illuminate/Foundation/Application.php(644): Illuminate\Container\Container->make('encrypter', Array)
#4 /var/www/kaide-backend/vendor/laravel/framework/src/Illuminate/Container/Container.php(890): Illuminate\Foundation\Application->make('Illuminate\Cont...')
#5 /var/www/kaide-backend/vendor/laravel/framework/src/Illuminate/Container/Container.php(851): Illuminate\Container\Container->resolveClass(Object(ReflectionParameter))
#6 /var/www/kaide-backend/vendor/laravel/framework/src/Illuminate/Container/Container.php(816): Illuminate\Container\Container->getDependencies(Array, Array)
#7 /var/www/kaide-backend/vendor/laravel/framework/src/Illuminate/Container/Container.php(659): Illuminate\Container\Container->build('Illuminate\Cook...', Array)
#8 /var/www/kaide-backend/vendor/laravel/framework/src/Illuminate/Foundation/Application.php(644): Illuminate\Container\Container->make('Illuminate\Cook...', Array)
#9 /var/www/kaide-backend/vendor/laravel/framework/src/Illuminate/Pipeline/Pipeline.php(124): Illuminate\Foundation\Application->make('Illuminate\Cook...')
#10 /var/www/kaide-backend/vendor/laravel/framework/src/Illuminate/Foundation/Http/Middleware/CheckForMaintenanceMode.php(42): Illuminate\Pipeline\Pipeline->Illuminate\Pipeline\{closure}(Object(Illuminate\Http\Request))
#11 /var/www/kaide-backend/vendor/laravel/framework/src/Illuminate/Pipeline/Pipeline.php(125): Illuminate\Foundation\Http\Middleware\CheckForMaintenanceMode->handle(Object(Illuminate\Http\Request), Object(Closure))
#12 [internal function]: Illuminate\Pipeline\Pipeline->Illuminate\Pipeline\{closure}(Object(Illuminate\Http\Request))
#13 /var/www/kaide-backend/vendor/laravel/framework/src/Illuminate/Pipeline/Pipeline.php(101): call_user_func(Object(Closure), Object(Illuminate\Http\Request))
#14 /var/www/kaide-backend/vendor/laravel/framework/src/Illuminate/Foundation/Http/Kernel.php(115): Illuminate\Pipeline\Pipeline->then(Object(Closure))
#15 /var/www/kaide-backend/vendor/laravel/framework/src/Illuminate/Foundation/Http/Kernel.php(84): Illuminate\Foundation\Http\Kernel->sendRequestThroughRouter(Object(Illuminate\Http\Request))
#16 /var/www/kaide-backend/index.php(44): Illuminate\Foundation\Http\Kernel->handle(Object(Illuminate\Http\Request))
#17 {main}  
[2016-04-04 11:05:43] production.ERROR: exception 'Symfony\Component\Debug\Exception\FatalErrorException' with message 'Call to undefined function Illuminate\Encryption\mcrypt_get_iv_size()' in /var/www/kaide-backend/vendor/laravel/framework/src/Illuminate/Encryption/Encrypter.php:303
Stack trace:
#0 {main}  
[2016-04-04 11:07:02] production.ERROR: exception 'ErrorException' with message 'Use of undefined constant MCRYPT_RIJNDAEL_128 - assumed 'MCRYPT_RIJNDAEL_128'' in /var/www/kaide-backend/vendor/laravel/framework/src/Illuminate/Encryption/EncryptionServiceProvider.php:16
Stack trace:
#0 /var/www/kaide-backend/vendor/laravel/framework/src/Illuminate/Encryption/EncryptionServiceProvider.php(16): Illuminate\Foundation\Bootstrap\HandleExceptions->handleError(8, 'Use of undefine...', '/var/www/kaide-...', 16, Array)
#1 /var/www/kaide-backend/vendor/laravel/framework/src/Illuminate/Container/Container.php(776): Illuminate\Encryption\EncryptionServiceProvider->Illuminate\Encryption\{closure}(Object(October\Rain\Foundation\Application), Array)
#2 /var/www/kaide-backend/vendor/laravel/framework/src/Illuminate/Container/Container.php(659): Illuminate\Container\Container->build(Object(Closure), Array)
#3 /var/www/kaide-backend/vendor/laravel/framework/src/Illuminate/Foundation/Application.php(644): Illuminate\Container\Container->make('encrypter', Array)
#4 /var/www/kaide-backend/vendor/laravel/framework/src/Illuminate/Container/Container.php(890): Illuminate\Foundation\Application->make('Illuminate\Cont...')
#5 /var/www/kaide-backend/vendor/laravel/framework/src/Illuminate/Container/Container.php(851): Illuminate\Container\Container->resolveClass(Object(ReflectionParameter))
#6 /var/www/kaide-backend/vendor/laravel/framework/src/Illuminate/Container/Container.php(816): Illuminate\Container\Container->getDependencies(Array, Array)
#7 /var/www/kaide-backend/vendor/laravel/framework/src/Illuminate/Container/Container.php(659): Illuminate\Container\Container->build('Illuminate\Cook...', Array)
#8 /var/www/kaide-backend/vendor/laravel/framework/src/Illuminate/Foundation/Application.php(644): Illuminate\Container\Container->make('Illuminate\Cook...', Array)
#9 /var/www/kaide-backend/vendor/laravel/framework/src/Illuminate/Pipeline/Pipeline.php(124): Illuminate\Foundation\Application->make('Illuminate\Cook...')
#10 /var/www/kaide-backend/vendor/laravel/framework/src/Illuminate/Foundation/Http/Middleware/CheckForMaintenanceMode.php(42): Illuminate\Pipeline\Pipeline->Illuminate\Pipeline\{closure}(Object(Illuminate\Http\Request))
#11 /var/www/kaide-backend/vendor/laravel/framework/src/Illuminate/Pipeline/Pipeline.php(125): Illuminate\Foundation\Http\Middleware\CheckForMaintenanceMode->handle(Object(Illuminate\Http\Request), Object(Closure))
#12 [internal function]: Illuminate\Pipeline\Pipeline->Illuminate\Pipeline\{closure}(Object(Illuminate\Http\Request))
#13 /var/www/kaide-backend/vendor/laravel/framework/src/Illuminate/Pipeline/Pipeline.php(101): call_user_func(Object(Closure), Object(Illuminate\Http\Request))
#14 /var/www/kaide-backend/vendor/laravel/framework/src/Illuminate/Foundation/Http/Kernel.php(115): Illuminate\Pipeline\Pipeline->then(Object(Closure))
#15 /var/www/kaide-backend/vendor/laravel/framework/src/Illuminate/Foundation/Http/Kernel.php(84): Illuminate\Foundation\Http\Kernel->sendRequestThroughRouter(Object(Illuminate\Http\Request))
#16 /var/www/kaide-backend/index.php(44): Illuminate\Foundation\Http\Kernel->handle(Object(Illuminate\Http\Request))
#17 {main}  
[2016-04-04 11:07:02] production.ERROR: exception 'Symfony\Component\Debug\Exception\FatalErrorException' with message 'Call to undefined function Illuminate\Encryption\mcrypt_get_iv_size()' in /var/www/kaide-backend/vendor/laravel/framework/src/Illuminate/Encryption/Encrypter.php:303
Stack trace:
#0 {main}  
